# JRE version: Java(TM) SE Runtime Environment (8.0_31-b13) (build 1.8.0_31-b13)
# Java VM: Java HotSpot(TM) 64-Bit Server VM (25.31-b07 mixed mode windows-amd64 compressed oops)
Heap:
 PSYoungGen      total 39936K, used 25546K [0x00000000d5a00000, 0x00000000d8980000, 0x0000000100000000)
  eden space 32256K, 55% used [0x00000000d5a00000,0x00000000d6b7f850,0x00000000d7980000)
  from space 7680K, 99% used [0x00000000d8180000,0x00000000d88f3050,0x00000000d8900000)
  to   space 8192K, 0% used [0x00000000d7980000,0x00000000d7980000,0x00000000d8180000)
 ParOldGen       total 87552K, used 5762K [0x0000000080e00000, 0x0000000086380000, 0x00000000d5a00000)
  object space 87552K, 6% used [0x0000000080e00000,0x00000000813a0b50,0x0000000086380000)
 Metaspace       used 14515K, capacity 14876K, committed 15232K, reserved 1062912K
  class space    used 1676K, capacity 1801K, committed 1920K, reserved 1048576K
GC Heap History (10 events):
Event: 1.509 GC heap before
{Heap before GC invocations=2 (full 0):
 PSYoungGen      total 38400K, used 38030K [0x00000000d5a00000, 0x00000000d8480000, 0x0000000100000000)
  eden space 33280K, 100% used [0x00000000d5a00000,0x00000000d7a80000,0x00000000d7a80000)
  from space 5120K, 92% used [0x00000000d7a80000,0x00000000d7f23a78,0x00000000d7f80000)
  to   space 5120K, 0% used [0x00000000d7f80000,0x00000000d7f80000,0x00000000d8480000)
 ParOldGen       total 87552K, used 16K [0x0000000080e00000, 0x0000000086380000, 0x00000000d5a00000)
  object space 87552K, 0% used [0x0000000080e00000,0x0000000080e04000,0x0000000086380000)
 Metaspace       used 12104K, capacity 12306K, committed 12672K, reserved 1060864K
  class space    used 1482K, capacity 1546K, committed 1664K, reserved 1048576K
Event: 1.516 GC heap after
Heap after GC invocations=2 (full 0):
 PSYoungGen      total 38400K, used 5088K [0x00000000d5a00000, 0x00000000d8480000, 0x0000000100000000)
  eden space 33280K, 0% used [0x00000000d5a00000,0x00000000d5a00000,0x00000000d7a80000)
  from space 5120K, 99% used [0x00000000d7f80000,0x00000000d84783b8,0x00000000d8480000)
  to   space 5120K, 0% used [0x00000000d7a80000,0x00000000d7a80000,0x00000000d7f80000)
 ParOldGen       total 87552K, used 2095K [0x0000000080e00000, 0x0000000086380000, 0x00000000d5a00000)
  object space 87552K, 2% used [0x0000000080e00000,0x000000008100bd88,0x0000000086380000)
 Metaspace       used 12104K, capacity 12306K, committed 12672K, reserved 1060864K
  class space    used 1482K, capacity 1546K, committed 1664K, reserved 1048576K
}
Event: 2.651 GC heap before
{Heap before GC invocations=3 (full 0):
 PSYoungGen      total 38400K, used 38368K [0x00000000d5a00000, 0x00000000d8480000, 0x0000000100000000)
  eden space 33280K, 100% used [0x00000000d5a00000,0x00000000d7a80000,0x00000000d7a80000)
  from space 5120K, 99% used [0x00000000d7f80000,0x00000000d84783b8,0x00000000d8480000)
  to   space 5120K, 0% used [0x00000000d7a80000,0x00000000d7a80000,0x00000000d7f80000)
 ParOldGen       total 87552K, used 2095K [0x0000000080e00000, 0x0000000086380000, 0x00000000d5a00000)
  object space 87552K, 2% used [0x0000000080e00000,0x000000008100bd88,0x0000000086380000)
 Metaspace       used 12561K, capacity 12810K, committed 13184K, reserved 1060864K
  class space    used 1516K, capacity 1582K, committed 1664K, reserved 1048576K
Event: 2.655 GC heap after
Heap after GC invocations=3 (full 0):
 PSYoungGen      total 38400K, used 5088K [0x00000000d5a00000, 0x00000000d8480000, 0x0000000100000000)
  eden space 33280K, 0% used [0x00000000d5a00000,0x00000000d5a00000,0x00000000d7a80000)
  from space 5120K, 99% used [0x00000000d7a80000,0x00000000d7f78020,0x00000000d7f80000)
  to   space 5120K, 0% used [0x00000000d7f80000,0x00000000d7f80000,0x00000000d8480000)
 ParOldGen       total 87552K, used 2826K [0x0000000080e00000, 0x0000000086380000, 0x00000000d5a00000)
  object space 87552K, 3% used [0x0000000080e00000,0x00000000810c2b50,0x0000000086380000)
 Metaspace       used 12561K, capacity 12810K, committed 13184K, reserved 1060864K
  class space    used 1516K, capacity 1582K, committed 1664K, reserved 1048576K
}
Event: 7.066 GC heap before
{Heap before GC invocations=4 (full 0):
 PSYoungGen      total 38400K, used 38368K [0x00000000d5a00000, 0x00000000d8480000, 0x0000000100000000)
  eden space 33280K, 100% used [0x00000000d5a00000,0x00000000d7a80000,0x00000000d7a80000)
  from space 5120K, 99% used [0x00000000d7a80000,0x00000000d7f78020,0x00000000d7f80000)
  to   space 5120K, 0% used [0x00000000d7f80000,0x00000000d7f80000,0x00000000d8480000)
 ParOldGen       total 87552K, used 2826K [0x0000000080e00000, 0x0000000086380000, 0x00000000d5a00000)
  object space 87552K, 3% used [0x0000000080e00000,0x00000000810c2b50,0x0000000086380000)
 Metaspace       used 12900K, capacity 13084K, committed 13440K, reserved 1060864K
  class space    used 1528K, capacity 1585K, committed 1664K, reserved 1048576K
Event: 7.071 GC heap after
Heap after GC invocations=4 (full 0):
 PSYoungGen      total 38400K, used 5088K [0x00000000d5a00000, 0x00000000d8480000, 0x0000000100000000)
  eden space 33280K, 0% used [0x00000000d5a00000,0x00000000d5a00000,0x00000000d7a80000)
  from space 5120K, 99% used [0x00000000d7f80000,0x00000000d8478040,0x00000000d8480000)
  to   space 5120K, 0% used [0x00000000d7a80000,0x00000000d7a80000,0x00000000d7f80000)
 ParOldGen       total 87552K, used 4194K [0x0000000080e00000, 0x0000000086380000, 0x00000000d5a00000)
  object space 87552K, 4% used [0x0000000080e00000,0x0000000081218b50,0x0000000086380000)
 Metaspace       used 12900K, capacity 13084K, committed 13440K, reserved 1060864K
  class space    used 1528K, capacity 1585K, committed 1664K, reserved 1048576K
}
Event: 11.755 GC heap before
{Heap before GC invocations=5 (full 0):
 PSYoungGen      total 38400K, used 38368K [0x00000000d5a00000, 0x00000000d8480000, 0x0000000100000000)
  eden space 33280K, 100% used [0x00000000d5a00000,0x00000000d7a80000,0x00000000d7a80000)
  from space 5120K, 99% used [0x00000000d7f80000,0x00000000d8478040,0x00000000d8480000)
  to   space 5120K, 0% used [0x00000000d7a80000,0x00000000d7a80000,0x00000000d7f80000)
 ParOldGen       total 87552K, used 4194K [0x0000000080e00000, 0x0000000086380000, 0x00000000d5a00000)
  object space 87552K, 4% used [0x0000000080e00000,0x0000000081218b50,0x0000000086380000)
 Metaspace       used 13092K, capacity 13340K, committed 13696K, reserved 1060864K
  class space    used 1529K, capacity 1585K, committed 1664K, reserved 1048576K
Event: 11.770 GC heap after
Heap after GC invocations=5 (full 0):
 PSYoungGen      total 37888K, used 5104K [0x00000000d5a00000, 0x00000000d8900000, 0x0000000100000000)
  eden space 32768K, 0% used [0x00000000d5a00000,0x00000000d5a00000,0x00000000d7a00000)
  from space 5120K, 99% used [0x00000000d7a80000,0x00000000d7f7c030,0x00000000d7f80000)
  to   space 7680K, 0% used [0x00000000d8180000,0x00000000d8180000,0x00000000d8900000)
 ParOldGen       total 87552K, used 5754K [0x0000000080e00000, 0x0000000086380000, 0x00000000d5a00000)
  object space 87552K, 6% used [0x0000000080e00000,0x000000008139eb50,0x0000000086380000)
 Metaspace       used 13092K, capacity 13340K, committed 13696K, reserved 1060864K
  class space    used 1529K, capacity 1585K, committed 1664K, reserved 1048576K
}
Event: 14.296 GC heap before
{Heap before GC invocations=6 (full 0):
 PSYoungGen      total 37888K, used 37872K [0x00000000d5a00000, 0x00000000d8900000, 0x0000000100000000)
  eden space 32768K, 100% used [0x00000000d5a00000,0x00000000d7a00000,0x00000000d7a00000)
  from space 5120K, 99% used [0x00000000d7a80000,0x00000000d7f7c030,0x00000000d7f80000)
  to   space 7680K, 0% used [0x00000000d8180000,0x00000000d8180000,0x00000000d8900000)
 ParOldGen       total 87552K, used 5754K [0x0000000080e00000, 0x0000000086380000, 0x00000000d5a00000)
  object space 87552K, 6% used [0x0000000080e00000,0x000000008139eb50,0x0000000086380000)
 Metaspace       used 14102K, capacity 14380K, committed 14592K, reserved 1062912K
  class space    used 1649K, capacity 1761K, committed 1792K, reserved 1048576K
Event: 14.302 GC heap after
Heap after GC invocations=6 (full 0):
 PSYoungGen      total 39936K, used 7628K [0x00000000d5a00000, 0x00000000d8980000, 0x0000000100000000)
  eden space 32256K, 0% used [0x00000000d5a00000,0x00000000d5a00000,0x00000000d7980000)
  from space 7680K, 99% used [0x00000000d8180000,0x00000000d88f3050,0x00000000d8900000)
  to   space 8192K, 0% used [0x00000000d7980000,0x00000000d7980000,0x00000000d8180000)
 ParOldGen       total 87552K, used 5762K [0x0000000080e00000, 0x0000000086380000, 0x00000000d5a00000)
  object space 87552K, 6% used [0x0000000080e00000,0x00000000813a0b50,0x0000000086380000)
 Metaspace       used 14102K, capacity 14380K, committed 14592K, reserved 1062912K
  class space    used 1649K, capacity 1761K, committed 1792K, reserved 1048576K
}

